ARM GAS  /tmp/ccjgulHW.s 			page 1


   1              		.cpu cortex-m4
   2              		.arch armv7e-m
   3              		.fpu fpv4-sp-d16
   4              		.eabi_attribute 27, 1
   5              		.eabi_attribute 28, 1
   6              		.eabi_attribute 20, 1
   7              		.eabi_attribute 21, 1
   8              		.eabi_attribute 23, 3
   9              		.eabi_attribute 24, 1
  10              		.eabi_attribute 25, 1
  11              		.eabi_attribute 26, 1
  12              		.eabi_attribute 30, 1
  13              		.eabi_attribute 34, 1
  14              		.eabi_attribute 18, 4
  15              		.file	"gpio.c"
  16              		.text
  17              	.Ltext0:
  18              		.cfi_sections	.debug_frame
  19              		.file 1 "Core/Src/gpio.c"
  20              		.section	.text.MX_GPIO_Init,"ax",%progbits
  21              		.align	1
  22              		.global	MX_GPIO_Init
  23              		.syntax unified
  24              		.thumb
  25              		.thumb_func
  27              	MX_GPIO_Init:
  28              	.LFB288:
   1:Core/Src/gpio.c **** /* USER CODE BEGIN Header */
   2:Core/Src/gpio.c **** /**
   3:Core/Src/gpio.c ****   ******************************************************************************
   4:Core/Src/gpio.c ****   * @file    gpio.c
   5:Core/Src/gpio.c ****   * @brief   This file provides code for the configuration
   6:Core/Src/gpio.c ****   *          of all used GPIO pins.
   7:Core/Src/gpio.c ****   ******************************************************************************
   8:Core/Src/gpio.c ****   * @attention
   9:Core/Src/gpio.c ****   *
  10:Core/Src/gpio.c ****   * Copyright (c) 2024 STMicroelectronics.
  11:Core/Src/gpio.c ****   * All rights reserved.
  12:Core/Src/gpio.c ****   *
  13:Core/Src/gpio.c ****   * This software is licensed under terms that can be found in the LICENSE file
  14:Core/Src/gpio.c ****   * in the root directory of this software component.
  15:Core/Src/gpio.c ****   * If no LICENSE file comes with this software, it is provided AS-IS.
  16:Core/Src/gpio.c ****   *
  17:Core/Src/gpio.c ****   ******************************************************************************
  18:Core/Src/gpio.c ****   */
  19:Core/Src/gpio.c **** /* USER CODE END Header */
  20:Core/Src/gpio.c **** 
  21:Core/Src/gpio.c **** /* Includes ------------------------------------------------------------------*/
  22:Core/Src/gpio.c **** #include "gpio.h"
  23:Core/Src/gpio.c **** 
  24:Core/Src/gpio.c **** /* USER CODE BEGIN 0 */
  25:Core/Src/gpio.c **** 
  26:Core/Src/gpio.c **** /* USER CODE END 0 */
  27:Core/Src/gpio.c **** 
  28:Core/Src/gpio.c **** /*----------------------------------------------------------------------------*/
  29:Core/Src/gpio.c **** /* Configure GPIO                                                             */
  30:Core/Src/gpio.c **** /*----------------------------------------------------------------------------*/
ARM GAS  /tmp/ccjgulHW.s 			page 2


  31:Core/Src/gpio.c **** /* USER CODE BEGIN 1 */
  32:Core/Src/gpio.c **** 
  33:Core/Src/gpio.c **** /* USER CODE END 1 */
  34:Core/Src/gpio.c **** 
  35:Core/Src/gpio.c **** /** Configure pins as
  36:Core/Src/gpio.c ****         * Analog
  37:Core/Src/gpio.c ****         * Input
  38:Core/Src/gpio.c ****         * Output
  39:Core/Src/gpio.c ****         * EVENT_OUT
  40:Core/Src/gpio.c ****         * EXTI
  41:Core/Src/gpio.c **** */
  42:Core/Src/gpio.c **** void MX_GPIO_Init(void)
  43:Core/Src/gpio.c **** {
  29              		.loc 1 43 1 view -0
  30              		.cfi_startproc
  31              		@ args = 0, pretend = 0, frame = 32
  32              		@ frame_needed = 0, uses_anonymous_args = 0
  33 0000 F0B5     		push	{r4, r5, r6, r7, lr}
  34              	.LCFI0:
  35              		.cfi_def_cfa_offset 20
  36              		.cfi_offset 4, -20
  37              		.cfi_offset 5, -16
  38              		.cfi_offset 6, -12
  39              		.cfi_offset 7, -8
  40              		.cfi_offset 14, -4
  41 0002 89B0     		sub	sp, sp, #36
  42              	.LCFI1:
  43              		.cfi_def_cfa_offset 56
  44:Core/Src/gpio.c **** 
  45:Core/Src/gpio.c ****   GPIO_InitTypeDef GPIO_InitStruct = {0};
  44              		.loc 1 45 3 view .LVU1
  45              		.loc 1 45 20 is_stmt 0 view .LVU2
  46 0004 0024     		movs	r4, #0
  47 0006 0394     		str	r4, [sp, #12]
  48 0008 0494     		str	r4, [sp, #16]
  49 000a 0594     		str	r4, [sp, #20]
  50 000c 0694     		str	r4, [sp, #24]
  51 000e 0794     		str	r4, [sp, #28]
  46:Core/Src/gpio.c **** 
  47:Core/Src/gpio.c ****   /* GPIO Ports Clock Enable */
  48:Core/Src/gpio.c ****   __HAL_RCC_GPIOA_CLK_ENABLE();
  52              		.loc 1 48 3 is_stmt 1 view .LVU3
  53              	.LBB2:
  54              		.loc 1 48 3 view .LVU4
  55              		.loc 1 48 3 view .LVU5
  56 0010 2A4B     		ldr	r3, .L3
  57 0012 DA6C     		ldr	r2, [r3, #76]
  58 0014 42F00102 		orr	r2, r2, #1
  59 0018 DA64     		str	r2, [r3, #76]
  60              		.loc 1 48 3 view .LVU6
  61 001a DA6C     		ldr	r2, [r3, #76]
  62 001c 02F00102 		and	r2, r2, #1
  63 0020 0192     		str	r2, [sp, #4]
  64              		.loc 1 48 3 view .LVU7
  65 0022 019A     		ldr	r2, [sp, #4]
  66              	.LBE2:
  67              		.loc 1 48 3 view .LVU8
ARM GAS  /tmp/ccjgulHW.s 			page 3


  49:Core/Src/gpio.c ****   __HAL_RCC_GPIOB_CLK_ENABLE();
  68              		.loc 1 49 3 view .LVU9
  69              	.LBB3:
  70              		.loc 1 49 3 view .LVU10
  71              		.loc 1 49 3 view .LVU11
  72 0024 DA6C     		ldr	r2, [r3, #76]
  73 0026 42F00202 		orr	r2, r2, #2
  74 002a DA64     		str	r2, [r3, #76]
  75              		.loc 1 49 3 view .LVU12
  76 002c DB6C     		ldr	r3, [r3, #76]
  77 002e 03F00203 		and	r3, r3, #2
  78 0032 0293     		str	r3, [sp, #8]
  79              		.loc 1 49 3 view .LVU13
  80 0034 029B     		ldr	r3, [sp, #8]
  81              	.LBE3:
  82              		.loc 1 49 3 view .LVU14
  50:Core/Src/gpio.c **** 
  51:Core/Src/gpio.c ****   /*Configure GPIO pin Output Level */
  52:Core/Src/gpio.c ****   HAL_GPIO_WritePin(GPIOA, POWER_ON_OFF_Pin|POWER_PWM_MODE_Pin|EN_IN1_Pin|PH_IN2_Pin
  83              		.loc 1 52 3 view .LVU15
  84 0036 2246     		mov	r2, r4
  85 0038 40F21F71 		movw	r1, #1823
  86 003c 4FF09040 		mov	r0, #1207959552
  87 0040 FFF7FEFF 		bl	HAL_GPIO_WritePin
  88              	.LVL0:
  53:Core/Src/gpio.c ****                           |PB_CLR_Pin|POWER_VOLTAGE_REMOTE_Pin|DISPLAY_CS_Pin|DISPLAY_DC_Pin, GPIO_
  54:Core/Src/gpio.c **** 
  55:Core/Src/gpio.c ****   /*Configure GPIO pin Output Level */
  56:Core/Src/gpio.c ****   HAL_GPIO_WritePin(NSLEEP_GPIO_Port, NSLEEP_Pin, GPIO_PIN_RESET);
  89              		.loc 1 56 3 view .LVU16
  90 0044 1E4D     		ldr	r5, .L3+4
  91 0046 2246     		mov	r2, r4
  92 0048 8021     		movs	r1, #128
  93 004a 2846     		mov	r0, r5
  94 004c FFF7FEFF 		bl	HAL_GPIO_WritePin
  95              	.LVL1:
  57:Core/Src/gpio.c **** 
  58:Core/Src/gpio.c ****   /*Configure GPIO pins : PAPin PAPin PAPin PAPin
  59:Core/Src/gpio.c ****                            PAPin PAPin PAPin */
  60:Core/Src/gpio.c ****   GPIO_InitStruct.Pin = POWER_ON_OFF_Pin|POWER_PWM_MODE_Pin|EN_IN1_Pin|PH_IN2_Pin
  96              		.loc 1 60 3 view .LVU17
  97              		.loc 1 60 23 is_stmt 0 view .LVU18
  98 0050 40F20F73 		movw	r3, #1807
  99 0054 0393     		str	r3, [sp, #12]
  61:Core/Src/gpio.c ****                           |POWER_VOLTAGE_REMOTE_Pin|DISPLAY_CS_Pin|DISPLAY_DC_Pin;
  62:Core/Src/gpio.c ****   GPIO_InitStruct.Mode = GPIO_MODE_OUTPUT_PP;
 100              		.loc 1 62 3 is_stmt 1 view .LVU19
 101              		.loc 1 62 24 is_stmt 0 view .LVU20
 102 0056 0127     		movs	r7, #1
 103 0058 0497     		str	r7, [sp, #16]
  63:Core/Src/gpio.c ****   GPIO_InitStruct.Pull = GPIO_NOPULL;
 104              		.loc 1 63 3 is_stmt 1 view .LVU21
 105              		.loc 1 63 24 is_stmt 0 view .LVU22
 106 005a 0594     		str	r4, [sp, #20]
  64:Core/Src/gpio.c ****   GPIO_InitStruct.Speed = GPIO_SPEED_FREQ_VERY_HIGH;
 107              		.loc 1 64 3 is_stmt 1 view .LVU23
 108              		.loc 1 64 25 is_stmt 0 view .LVU24
ARM GAS  /tmp/ccjgulHW.s 			page 4


 109 005c 0326     		movs	r6, #3
 110 005e 0696     		str	r6, [sp, #24]
  65:Core/Src/gpio.c ****   HAL_GPIO_Init(GPIOA, &GPIO_InitStruct);
 111              		.loc 1 65 3 is_stmt 1 view .LVU25
 112 0060 03A9     		add	r1, sp, #12
 113 0062 4FF09040 		mov	r0, #1207959552
 114 0066 FFF7FEFF 		bl	HAL_GPIO_Init
 115              	.LVL2:
  66:Core/Src/gpio.c **** 
  67:Core/Src/gpio.c ****   /*Configure GPIO pin : PtPin */
  68:Core/Src/gpio.c ****   GPIO_InitStruct.Pin = PB_CLR_Pin;
 116              		.loc 1 68 3 view .LVU26
 117              		.loc 1 68 23 is_stmt 0 view .LVU27
 118 006a 1023     		movs	r3, #16
 119 006c 0393     		str	r3, [sp, #12]
  69:Core/Src/gpio.c ****   GPIO_InitStruct.Mode = GPIO_MODE_OUTPUT_OD;
 120              		.loc 1 69 3 is_stmt 1 view .LVU28
 121              		.loc 1 69 24 is_stmt 0 view .LVU29
 122 006e 1123     		movs	r3, #17
 123 0070 0493     		str	r3, [sp, #16]
  70:Core/Src/gpio.c ****   GPIO_InitStruct.Pull = GPIO_NOPULL;
 124              		.loc 1 70 3 is_stmt 1 view .LVU30
 125              		.loc 1 70 24 is_stmt 0 view .LVU31
 126 0072 0594     		str	r4, [sp, #20]
  71:Core/Src/gpio.c ****   GPIO_InitStruct.Speed = GPIO_SPEED_FREQ_LOW;
 127              		.loc 1 71 3 is_stmt 1 view .LVU32
 128              		.loc 1 71 25 is_stmt 0 view .LVU33
 129 0074 0694     		str	r4, [sp, #24]
  72:Core/Src/gpio.c ****   HAL_GPIO_Init(PB_CLR_GPIO_Port, &GPIO_InitStruct);
 130              		.loc 1 72 3 is_stmt 1 view .LVU34
 131 0076 03A9     		add	r1, sp, #12
 132 0078 4FF09040 		mov	r0, #1207959552
 133 007c FFF7FEFF 		bl	HAL_GPIO_Init
 134              	.LVL3:
  73:Core/Src/gpio.c **** 
  74:Core/Src/gpio.c ****   /*Configure GPIO pins : PAPin PAPin PAPin PAPin */
  75:Core/Src/gpio.c ****   GPIO_InitStruct.Pin = BUTTON_POWER_Pin|PB_INT_Pin|NFAULT_Pin|RCOUT_Pin;
 135              		.loc 1 75 3 view .LVU35
 136              		.loc 1 75 23 is_stmt 0 view .LVU36
 137 0080 49F62003 		movw	r3, #38944
 138 0084 0393     		str	r3, [sp, #12]
  76:Core/Src/gpio.c ****   GPIO_InitStruct.Mode = GPIO_MODE_INPUT;
 139              		.loc 1 76 3 is_stmt 1 view .LVU37
 140              		.loc 1 76 24 is_stmt 0 view .LVU38
 141 0086 0494     		str	r4, [sp, #16]
  77:Core/Src/gpio.c ****   GPIO_InitStruct.Pull = GPIO_NOPULL;
 142              		.loc 1 77 3 is_stmt 1 view .LVU39
 143              		.loc 1 77 24 is_stmt 0 view .LVU40
 144 0088 0594     		str	r4, [sp, #20]
  78:Core/Src/gpio.c ****   HAL_GPIO_Init(GPIOA, &GPIO_InitStruct);
 145              		.loc 1 78 3 is_stmt 1 view .LVU41
 146 008a 03A9     		add	r1, sp, #12
 147 008c 4FF09040 		mov	r0, #1207959552
 148 0090 FFF7FEFF 		bl	HAL_GPIO_Init
 149              	.LVL4:
  79:Core/Src/gpio.c **** 
  80:Core/Src/gpio.c ****   /*Configure GPIO pins : PBPin PBPin */
ARM GAS  /tmp/ccjgulHW.s 			page 5


  81:Core/Src/gpio.c ****   GPIO_InitStruct.Pin = BUTTON_1_Pin|BUTTON_2_Pin;
 150              		.loc 1 81 3 view .LVU42
 151              		.loc 1 81 23 is_stmt 0 view .LVU43
 152 0094 4223     		movs	r3, #66
 153 0096 0393     		str	r3, [sp, #12]
  82:Core/Src/gpio.c ****   GPIO_InitStruct.Mode = GPIO_MODE_INPUT;
 154              		.loc 1 82 3 is_stmt 1 view .LVU44
 155              		.loc 1 82 24 is_stmt 0 view .LVU45
 156 0098 0494     		str	r4, [sp, #16]
  83:Core/Src/gpio.c ****   GPIO_InitStruct.Pull = GPIO_NOPULL;
 157              		.loc 1 83 3 is_stmt 1 view .LVU46
 158              		.loc 1 83 24 is_stmt 0 view .LVU47
 159 009a 0594     		str	r4, [sp, #20]
  84:Core/Src/gpio.c ****   HAL_GPIO_Init(GPIOB, &GPIO_InitStruct);
 160              		.loc 1 84 3 is_stmt 1 view .LVU48
 161 009c 03A9     		add	r1, sp, #12
 162 009e 2846     		mov	r0, r5
 163 00a0 FFF7FEFF 		bl	HAL_GPIO_Init
 164              	.LVL5:
  85:Core/Src/gpio.c **** 
  86:Core/Src/gpio.c ****   /*Configure GPIO pin : PtPin */
  87:Core/Src/gpio.c ****   GPIO_InitStruct.Pin = NSLEEP_Pin;
 165              		.loc 1 87 3 view .LVU49
 166              		.loc 1 87 23 is_stmt 0 view .LVU50
 167 00a4 8023     		movs	r3, #128
 168 00a6 0393     		str	r3, [sp, #12]
  88:Core/Src/gpio.c ****   GPIO_InitStruct.Mode = GPIO_MODE_OUTPUT_PP;
 169              		.loc 1 88 3 is_stmt 1 view .LVU51
 170              		.loc 1 88 24 is_stmt 0 view .LVU52
 171 00a8 0497     		str	r7, [sp, #16]
  89:Core/Src/gpio.c ****   GPIO_InitStruct.Pull = GPIO_NOPULL;
 172              		.loc 1 89 3 is_stmt 1 view .LVU53
 173              		.loc 1 89 24 is_stmt 0 view .LVU54
 174 00aa 0594     		str	r4, [sp, #20]
  90:Core/Src/gpio.c ****   GPIO_InitStruct.Speed = GPIO_SPEED_FREQ_VERY_HIGH;
 175              		.loc 1 90 3 is_stmt 1 view .LVU55
 176              		.loc 1 90 25 is_stmt 0 view .LVU56
 177 00ac 0696     		str	r6, [sp, #24]
  91:Core/Src/gpio.c ****   HAL_GPIO_Init(NSLEEP_GPIO_Port, &GPIO_InitStruct);
 178              		.loc 1 91 3 is_stmt 1 view .LVU57
 179 00ae 03A9     		add	r1, sp, #12
 180 00b0 2846     		mov	r0, r5
 181 00b2 FFF7FEFF 		bl	HAL_GPIO_Init
 182              	.LVL6:
  92:Core/Src/gpio.c **** 
  93:Core/Src/gpio.c **** }
 183              		.loc 1 93 1 is_stmt 0 view .LVU58
 184 00b6 09B0     		add	sp, sp, #36
 185              	.LCFI2:
 186              		.cfi_def_cfa_offset 20
 187              		@ sp needed
 188 00b8 F0BD     		pop	{r4, r5, r6, r7, pc}
 189              	.L4:
 190 00ba 00BF     		.align	2
 191              	.L3:
 192 00bc 00100240 		.word	1073876992
 193 00c0 00040048 		.word	1207960576
ARM GAS  /tmp/ccjgulHW.s 			page 6


 194              		.cfi_endproc
 195              	.LFE288:
 197              		.text
 198              	.Letext0:
 199              		.file 2 "/usr/lib/gcc/arm-none-eabi/13.2.1/include/stdint.h"
 200              		.file 3 "Drivers/CMSIS/Device/ST/STM32L4xx/Include/stm32l431xx.h"
 201              		.file 4 "Drivers/STM32L4xx_HAL_Driver/Inc/stm32l4xx_hal_gpio.h"
ARM GAS  /tmp/ccjgulHW.s 			page 7


DEFINED SYMBOLS
                            *ABS*:00000000 gpio.c
     /tmp/ccjgulHW.s:21     .text.MX_GPIO_Init:00000000 $t
     /tmp/ccjgulHW.s:27     .text.MX_GPIO_Init:00000000 MX_GPIO_Init
     /tmp/ccjgulHW.s:192    .text.MX_GPIO_Init:000000bc $d

UNDEFINED SYMBOLS
HAL_GPIO_WritePin
HAL_GPIO_Init
